✅ HTML 대시보드 생성 완료: /Users/eekek/.hermes/profiles/branup-watcher/data/dashboard.html
   열기: open /Users/eekek/.hermes/profiles/branup-watcher/data/dashboard.html
[main a10dc26] 2026-05-29 15:16 대시보드 갱신
 Committer: 이크맥 <eekek@ikeumaeg-ui-Macmini.local>
Your name and email address were configured automatically based
on your username and hostname. Please check that they are accurate.
You can suppress this message by setting them explicitly. Run the
following command and follow the instructions in your editor to edit
your configuration file:

    git config --global --edit

After doing this, you may fix the identity used for this commit with:

    git commit --amend --reset-author

 1 file changed, 2 insertions(+), 2 deletions(-)
✅ HTML 대시보드 생성 완료: /Users/eekek/.hermes/profiles/branup-watcher/data/dashboard.html
   열기: open /Users/eekek/.hermes/profiles/branup-watcher/data/dashboard.html
[main ee8a87a] 2026-05-29 16:16 대시보드 갱신
 1 file changed, 2 insertions(+), 2 deletions(-)
✅ HTML 대시보드 생성 완료: /Users/eekek/.hermes/profiles/branup-watcher/data/dashboard.html
   열기: open /Users/eekek/.hermes/profiles/branup-watcher/data/dashboard.html
[main a59c7d2] 2026-05-29 17:16 대시보드 갱신
 1 file changed, 22 insertions(+), 30 deletions(-)
✅ HTML 대시보드 생성 완료: /Users/eekek/.hermes/profiles/branup-watcher/data/dashboard.html
   열기: open /Users/eekek/.hermes/profiles/branup-watcher/data/dashboard.html
[main 930ed49] 2026-05-29 18:16 대시보드 갱신
 1 file changed, 22 insertions(+), 38 deletions(-)
✅ HTML 대시보드 생성 완료: /Users/eekek/.hermes/profiles/branup-watcher/data/dashboard.html
   열기: open /Users/eekek/.hermes/profiles/branup-watcher/data/dashboard.html
[main ace8c1a] 2026-05-29 19:17 대시보드 갱신
 1 file changed, 2 insertions(+), 2 deletions(-)
✅ HTML 대시보드 생성 완료: /Users/eekek/.hermes/profiles/branup-watcher/data/dashboard.html
   열기: open /Users/eekek/.hermes/profiles/branup-watcher/data/dashboard.html
[main 26615fa] 2026-05-29 20:17 대시보드 갱신
 1 file changed, 2 insertions(+), 2 deletions(-)
✅ HTML 대시보드 생성 완료: /Users/eekek/.hermes/profiles/branup-watcher/data/dashboard.html
   열기: open /Users/eekek/.hermes/profiles/branup-watcher/data/dashboard.html
[main 16377e7] 2026-05-29 21:17 대시보드 갱신
 1 file changed, 2 insertions(+), 2 deletions(-)
✅ HTML 대시보드 생성 완료: /Users/eekek/.hermes/profiles/branup-watcher/data/dashboard.html
   열기: open /Users/eekek/.hermes/profiles/branup-watcher/data/dashboard.html
[main e17d70c] 2026-05-29 22:17 대시보드 갱신
 1 file changed, 2 insertions(+), 2 deletions(-)
✅ HTML 대시보드 생성 완료: /Users/eekek/.hermes/profiles/branup-watcher/data/dashboard.html
   열기: open /Users/eekek/.hermes/profiles/branup-watcher/data/dashboard.html
[main 62fb4a8] 2026-05-29 23:17 대시보드 갱신
 1 file changed, 2 insertions(+), 2 deletions(-)
✅ HTML 대시보드 생성 완료: /Users/eekek/.hermes/profiles/branup-watcher/data/dashboard.html
   열기: open /Users/eekek/.hermes/profiles/branup-watcher/data/dashboard.html
[main 7b04b01] 2026-05-30 00:17 대시보드 갱신
 1 file changed, 25 insertions(+), 25 deletions(-)
✅ HTML 대시보드 생성 완료: /Users/eekek/.hermes/profiles/branup-watcher/data/dashboard.html
   열기: open /Users/eekek/.hermes/profiles/branup-watcher/data/dashboard.html
[main 87ef9bf] 2026-05-30 01:17 대시보드 갱신
 1 file changed, 2 insertions(+), 2 deletions(-)
✅ HTML 대시보드 생성 완료: /Users/eekek/.hermes/profiles/branup-watcher/data/dashboard.html
   열기: open /Users/eekek/.hermes/profiles/branup-watcher/data/dashboard.html
[main 23c64fb] 2026-05-30 02:17 대시보드 갱신
 1 file changed, 2 insertions(+), 2 deletions(-)
✅ HTML 대시보드 생성 완료: /Users/eekek/.hermes/profiles/branup-watcher/data/dashboard.html
   열기: open /Users/eekek/.hermes/profiles/branup-watcher/data/dashboard.html
[main f7f663b] 2026-05-30 03:17 대시보드 갱신
 1 file changed, 2 insertions(+), 2 deletions(-)
✅ HTML 대시보드 생성 완료: /Users/eekek/.hermes/profiles/branup-watcher/data/dashboard.html
   열기: open /Users/eekek/.hermes/profiles/branup-watcher/data/dashboard.html
[main 27b202d] 2026-05-30 04:17 대시보드 갱신
 1 file changed, 2 insertions(+), 2 deletions(-)
✅ HTML 대시보드 생성 완료: /Users/eekek/.hermes/profiles/branup-watcher/data/dashboard.html
   열기: open /Users/eekek/.hermes/profiles/branup-watcher/data/dashboard.html
[main d1f0acf] 2026-05-30 05:17 대시보드 갱신
 1 file changed, 2 insertions(+), 2 deletions(-)
✅ HTML 대시보드 생성 완료: /Users/eekek/.hermes/profiles/branup-watcher/data/dashboard.html
   열기: open /Users/eekek/.hermes/profiles/branup-watcher/data/dashboard.html
[main fc71b8a] 2026-05-30 06:18 대시보드 갱신
 1 file changed, 2 insertions(+), 2 deletions(-)
✅ HTML 대시보드 생성 완료: /Users/eekek/.hermes/profiles/branup-watcher/data/dashboard.html
   열기: open /Users/eekek/.hermes/profiles/branup-watcher/data/dashboard.html
[main 83eb6ca] 2026-05-30 07:18 대시보드 갱신
 1 file changed, 2 insertions(+), 2 deletions(-)
✅ HTML 대시보드 생성 완료: /Users/eekek/.hermes/profiles/branup-watcher/data/dashboard.html
   열기: open /Users/eekek/.hermes/profiles/branup-watcher/data/dashboard.html
[main 10431cd] 2026-05-30 08:18 대시보드 갱신
 1 file changed, 2 insertions(+), 2 deletions(-)
✅ HTML 대시보드 생성 완료: /Users/eekek/.hermes/profiles/branup-watcher/data/dashboard.html
   열기: open /Users/eekek/.hermes/profiles/branup-watcher/data/dashboard.html
[main f94ebf4] 2026-05-30 09:18 대시보드 갱신
 1 file changed, 2 insertions(+), 2 deletions(-)
✅ HTML 대시보드 생성 완료: /Users/eekek/.hermes/profiles/branup-watcher/data/dashboard.html
   열기: open /Users/eekek/.hermes/profiles/branup-watcher/data/dashboard.html
[main 466c92f] 2026-05-30 10:18 대시보드 갱신
 1 file changed, 2 insertions(+), 2 deletions(-)
✅ HTML 대시보드 생성 완료: /Users/eekek/.hermes/profiles/branup-watcher/data/dashboard.html
   열기: open /Users/eekek/.hermes/profiles/branup-watcher/data/dashboard.html
[main df9aa47] 2026-05-30 11:18 대시보드 갱신
 1 file changed, 2 insertions(+), 2 deletions(-)
✅ HTML 대시보드 생성 완료: /Users/eekek/.hermes/profiles/branup-watcher/data/dashboard.html
   열기: open /Users/eekek/.hermes/profiles/branup-watcher/data/dashboard.html
[main 21da8f1] 2026-05-30 12:18 대시보드 갱신
 1 file changed, 2 insertions(+), 2 deletions(-)
✅ HTML 대시보드 생성 완료: /Users/eekek/.hermes/profiles/branup-watcher/data/dashboard.html
   열기: open /Users/eekek/.hermes/profiles/branup-watcher/data/dashboard.html
[main 9468aab] 2026-05-30 13:18 대시보드 갱신
 1 file changed, 2 insertions(+), 2 deletions(-)
✅ HTML 대시보드 생성 완료: /Users/eekek/.hermes/profiles/branup-watcher/data/dashboard.html
   열기: open /Users/eekek/.hermes/profiles/branup-watcher/data/dashboard.html
[main a2edb05] 2026-05-30 14:18 대시보드 갱신
 1 file changed, 2 insertions(+), 2 deletions(-)
✅ HTML 대시보드 생성 완료: /Users/eekek/.hermes/profiles/branup-watcher/data/dashboard.html
   열기: open /Users/eekek/.hermes/profiles/branup-watcher/data/dashboard.html
[main 65fce6e] 2026-05-30 15:18 대시보드 갱신
 1 file changed, 2 insertions(+), 2 deletions(-)
✅ HTML 대시보드 생성 완료: /Users/eekek/.hermes/profiles/branup-watcher/data/dashboard.html
   열기: open /Users/eekek/.hermes/profiles/branup-watcher/data/dashboard.html
[main 8fb7496] 2026-05-30 16:18 대시보드 갱신
 1 file changed, 2 insertions(+), 2 deletions(-)
✅ HTML 대시보드 생성 완료: /Users/eekek/.hermes/profiles/branup-watcher/data/dashboard.html
   열기: open /Users/eekek/.hermes/profiles/branup-watcher/data/dashboard.html
[main a5e46bc] 2026-05-30 17:18 대시보드 갱신
 1 file changed, 2 insertions(+), 2 deletions(-)
✅ HTML 대시보드 생성 완료: /Users/eekek/.hermes/profiles/branup-watcher/data/dashboard.html
   열기: open /Users/eekek/.hermes/profiles/branup-watcher/data/dashboard.html
[main 56aa298] 2026-05-30 18:18 대시보드 갱신
 1 file changed, 2 insertions(+), 2 deletions(-)
✅ HTML 대시보드 생성 완료: /Users/eekek/.hermes/profiles/branup-watcher/data/dashboard.html
   열기: open /Users/eekek/.hermes/profiles/branup-watcher/data/dashboard.html
[main 9e8fa0b] 2026-05-30 19:18 대시보드 갱신
 1 file changed, 2 insertions(+), 2 deletions(-)
✅ HTML 대시보드 생성 완료: /Users/eekek/.hermes/profiles/branup-watcher/data/dashboard.html
   열기: open /Users/eekek/.hermes/profiles/branup-watcher/data/dashboard.html
[main c945b12] 2026-05-30 20:18 대시보드 갱신
 1 file changed, 2 insertions(+), 2 deletions(-)
✅ HTML 대시보드 생성 완료: /Users/eekek/.hermes/profiles/branup-watcher/data/dashboard.html
   열기: open /Users/eekek/.hermes/profiles/branup-watcher/data/dashboard.html
[main e61a235] 2026-05-30 21:18 대시보드 갱신
 1 file changed, 2 insertions(+), 2 deletions(-)
✅ HTML 대시보드 생성 완료: /Users/eekek/.hermes/profiles/branup-watcher/data/dashboard.html
   열기: open /Users/eekek/.hermes/profiles/branup-watcher/data/dashboard.html
[main 398f512] 2026-05-30 22:18 대시보드 갱신
 1 file changed, 2 insertions(+), 2 deletions(-)
✅ HTML 대시보드 생성 완료: /Users/eekek/.hermes/profiles/branup-watcher/data/dashboard.html
   열기: open /Users/eekek/.hermes/profiles/branup-watcher/data/dashboard.html
[main 87384a7] 2026-05-30 23:18 대시보드 갱신
 1 file changed, 2 insertions(+), 2 deletions(-)
✅ HTML 대시보드 생성 완료: /Users/eekek/.hermes/profiles/branup-watcher/data/dashboard.html
   열기: open /Users/eekek/.hermes/profiles/branup-watcher/data/dashboard.html
[main 648885e] 2026-05-31 00:18 대시보드 갱신
 1 file changed, 2 insertions(+), 2 deletions(-)
✅ HTML 대시보드 생성 완료: /Users/eekek/.hermes/profiles/branup-watcher/data/dashboard.html
   열기: open /Users/eekek/.hermes/profiles/branup-watcher/data/dashboard.html
[main 4764995] 2026-05-31 01:18 대시보드 갱신
 1 file changed, 2 insertions(+), 2 deletions(-)
✅ HTML 대시보드 생성 완료: /Users/eekek/.hermes/profiles/branup-watcher/data/dashboard.html
   열기: open /Users/eekek/.hermes/profiles/branup-watcher/data/dashboard.html
[main 078a269] 2026-05-31 02:19 대시보드 갱신
 1 file changed, 2 insertions(+), 2 deletions(-)
✅ HTML 대시보드 생성 완료: /Users/eekek/.hermes/profiles/branup-watcher/data/dashboard.html
   열기: open /Users/eekek/.hermes/profiles/branup-watcher/data/dashboard.html
[main 305c35e] 2026-05-31 03:19 대시보드 갱신
 1 file changed, 2 insertions(+), 2 deletions(-)
✅ HTML 대시보드 생성 완료: /Users/eekek/.hermes/profiles/branup-watcher/data/dashboard.html
   열기: open /Users/eekek/.hermes/profiles/branup-watcher/data/dashboard.html
[main 74d6aed] 2026-05-31 04:19 대시보드 갱신
 1 file changed, 2 insertions(+), 2 deletions(-)
✅ HTML 대시보드 생성 완료: /Users/eekek/.hermes/profiles/branup-watcher/data/dashboard.html
   열기: open /Users/eekek/.hermes/profiles/branup-watcher/data/dashboard.html
[main c96bbcc] 2026-05-31 05:19 대시보드 갱신
 1 file changed, 2 insertions(+), 2 deletions(-)
✅ HTML 대시보드 생성 완료: /Users/eekek/.hermes/profiles/branup-watcher/data/dashboard.html
   열기: open /Users/eekek/.hermes/profiles/branup-watcher/data/dashboard.html
[main 20c7c42] 2026-05-31 06:19 대시보드 갱신
 1 file changed, 2 insertions(+), 2 deletions(-)
✅ HTML 대시보드 생성 완료: /Users/eekek/.hermes/profiles/branup-watcher/data/dashboard.html
   열기: open /Users/eekek/.hermes/profiles/branup-watcher/data/dashboard.html
[main 07a5ea0] 2026-05-31 07:19 대시보드 갱신
 1 file changed, 2 insertions(+), 2 deletions(-)
✅ HTML 대시보드 생성 완료: /Users/eekek/.hermes/profiles/branup-watcher/data/dashboard.html
   열기: open /Users/eekek/.hermes/profiles/branup-watcher/data/dashboard.html
[main 2603930] 2026-05-31 08:19 대시보드 갱신
 1 file changed, 2 insertions(+), 2 deletions(-)
✅ HTML 대시보드 생성 완료: /Users/eekek/.hermes/profiles/branup-watcher/data/dashboard.html
   열기: open /Users/eekek/.hermes/profiles/branup-watcher/data/dashboard.html
[main 73c8eff] 2026-05-31 09:19 대시보드 갱신
 1 file changed, 2 insertions(+), 2 deletions(-)
✅ HTML 대시보드 생성 완료: /Users/eekek/.hermes/profiles/branup-watcher/data/dashboard.html
   열기: open /Users/eekek/.hermes/profiles/branup-watcher/data/dashboard.html
[main 6304095] 2026-05-31 10:19 대시보드 갱신
 1 file changed, 2 insertions(+), 2 deletions(-)
✅ HTML 대시보드 생성 완료: /Users/eekek/.hermes/profiles/branup-watcher/data/dashboard.html
   열기: open /Users/eekek/.hermes/profiles/branup-watcher/data/dashboard.html
[main 7b770bb] 2026-05-31 11:19 대시보드 갱신
 1 file changed, 2 insertions(+), 2 deletions(-)
✅ HTML 대시보드 생성 완료: /Users/eekek/.hermes/profiles/branup-watcher/data/dashboard.html
   열기: open /Users/eekek/.hermes/profiles/branup-watcher/data/dashboard.html
[main b96e620] 2026-05-31 12:19 대시보드 갱신
 1 file changed, 2 insertions(+), 2 deletions(-)
✅ HTML 대시보드 생성 완료: /Users/eekek/.hermes/profiles/branup-watcher/data/dashboard.html
   열기: open /Users/eekek/.hermes/profiles/branup-watcher/data/dashboard.html
[main 64fa9f5] 2026-05-31 13:19 대시보드 갱신
 1 file changed, 2 insertions(+), 2 deletions(-)
✅ HTML 대시보드 생성 완료: /Users/eekek/.hermes/profiles/branup-watcher/data/dashboard.html
   열기: open /Users/eekek/.hermes/profiles/branup-watcher/data/dashboard.html
[main 668f3e9] 2026-05-31 14:19 대시보드 갱신
 1 file changed, 2 insertions(+), 2 deletions(-)
✅ HTML 대시보드 생성 완료: /Users/eekek/.hermes/profiles/branup-watcher/data/dashboard.html
   열기: open /Users/eekek/.hermes/profiles/branup-watcher/data/dashboard.html
[main 399887b] 2026-05-31 15:19 대시보드 갱신
 1 file changed, 2 insertions(+), 2 deletions(-)
✅ HTML 대시보드 생성 완료: /Users/eekek/.hermes/profiles/branup-watcher/data/dashboard.html
   열기: open /Users/eekek/.hermes/profiles/branup-watcher/data/dashboard.html
[main 14a3238] 2026-05-31 16:19 대시보드 갱신
 1 file changed, 2 insertions(+), 2 deletions(-)
✅ HTML 대시보드 생성 완료: /Users/eekek/.hermes/profiles/branup-watcher/data/dashboard.html
   열기: open /Users/eekek/.hermes/profiles/branup-watcher/data/dashboard.html
[main c65c96a] 2026-05-31 17:19 대시보드 갱신
 1 file changed, 2 insertions(+), 2 deletions(-)
✅ HTML 대시보드 생성 완료: /Users/eekek/.hermes/profiles/branup-watcher/data/dashboard.html
   열기: open /Users/eekek/.hermes/profiles/branup-watcher/data/dashboard.html
[main 1c51b6e] 2026-05-31 18:19 대시보드 갱신
 1 file changed, 2 insertions(+), 2 deletions(-)
✅ HTML 대시보드 생성 완료: /Users/eekek/.hermes/profiles/branup-watcher/data/dashboard.html
   열기: open /Users/eekek/.hermes/profiles/branup-watcher/data/dashboard.html
[main 37a9e87] 2026-05-31 19:19 대시보드 갱신
 1 file changed, 2 insertions(+), 2 deletions(-)
✅ HTML 대시보드 생성 완료: /Users/eekek/.hermes/profiles/branup-watcher/data/dashboard.html
   열기: open /Users/eekek/.hermes/profiles/branup-watcher/data/dashboard.html
[main 87e62cd] 2026-05-31 20:20 대시보드 갱신
 1 file changed, 2 insertions(+), 2 deletions(-)
✅ HTML 대시보드 생성 완료: /Users/eekek/.hermes/profiles/branup-watcher/data/dashboard.html
   열기: open /Users/eekek/.hermes/profiles/branup-watcher/data/dashboard.html
[main 1dc85d7] 2026-05-31 21:20 대시보드 갱신
 1 file changed, 2 insertions(+), 2 deletions(-)
✅ HTML 대시보드 생성 완료: /Users/eekek/.hermes/profiles/branup-watcher/data/dashboard.html
   열기: open /Users/eekek/.hermes/profiles/branup-watcher/data/dashboard.html
[main db15a73] 2026-05-31 22:20 대시보드 갱신
 1 file changed, 2 insertions(+), 2 deletions(-)
✅ HTML 대시보드 생성 완료: /Users/eekek/.hermes/profiles/branup-watcher/data/dashboard.html
   열기: open /Users/eekek/.hermes/profiles/branup-watcher/data/dashboard.html
[main 43aff20] 2026-05-31 23:20 대시보드 갱신
 1 file changed, 2 insertions(+), 2 deletions(-)
✅ HTML 대시보드 생성 완료: /Users/eekek/.hermes/profiles/branup-watcher/data/dashboard.html
   열기: open /Users/eekek/.hermes/profiles/branup-watcher/data/dashboard.html
[main d448643] 2026-06-01 00:20 대시보드 갱신
 1 file changed, 54 insertions(+), 54 deletions(-)
✅ HTML 대시보드 생성 완료: /Users/eekek/.hermes/profiles/branup-watcher/data/dashboard.html
   열기: open /Users/eekek/.hermes/profiles/branup-watcher/data/dashboard.html
✅ HTML 대시보드 생성 완료: /Users/eekek/.hermes/profiles/branup-watcher/data/dashboard.html
   열기: open /Users/eekek/.hermes/profiles/branup-watcher/data/dashboard.html
[main cc77911] 2026-06-01 02:20 대시보드 갱신
 1 file changed, 2 insertions(+), 2 deletions(-)
✅ HTML 대시보드 생성 완료: /Users/eekek/.hermes/profiles/branup-watcher/data/dashboard.html
   열기: open /Users/eekek/.hermes/profiles/branup-watcher/data/dashboard.html
[main 3539a96] 2026-06-01 03:20 대시보드 갱신
 1 file changed, 2 insertions(+), 2 deletions(-)
✅ HTML 대시보드 생성 완료: /Users/eekek/.hermes/profiles/branup-watcher/data/dashboard.html
   열기: open /Users/eekek/.hermes/profiles/branup-watcher/data/dashboard.html
[main 0c644b4] 2026-06-01 04:20 대시보드 갱신
 1 file changed, 2 insertions(+), 2 deletions(-)
✅ HTML 대시보드 생성 완료: /Users/eekek/.hermes/profiles/branup-watcher/data/dashboard.html
   열기: open /Users/eekek/.hermes/profiles/branup-watcher/data/dashboard.html
[main f4def7d] 2026-06-01 05:20 대시보드 갱신
 1 file changed, 2 insertions(+), 2 deletions(-)
✅ HTML 대시보드 생성 완료: /Users/eekek/.hermes/profiles/branup-watcher/data/dashboard.html
   열기: open /Users/eekek/.hermes/profiles/branup-watcher/data/dashboard.html
[main cff60c8] 2026-06-01 06:20 대시보드 갱신
 1 file changed, 2 insertions(+), 2 deletions(-)
✅ HTML 대시보드 생성 완료: /Users/eekek/.hermes/profiles/branup-watcher/data/dashboard.html
   열기: open /Users/eekek/.hermes/profiles/branup-watcher/data/dashboard.html
[main fa98cc0] 2026-06-01 07:20 대시보드 갱신
 1 file changed, 2 insertions(+), 2 deletions(-)
✅ HTML 대시보드 생성 완료: /Users/eekek/.hermes/profiles/branup-watcher/data/dashboard.html
   열기: open /Users/eekek/.hermes/profiles/branup-watcher/data/dashboard.html
[main 809cefa] 2026-06-01 08:20 대시보드 갱신
 1 file changed, 2 insertions(+), 2 deletions(-)
✅ HTML 대시보드 생성 완료: /Users/eekek/.hermes/profiles/branup-watcher/data/dashboard.html
   열기: open /Users/eekek/.hermes/profiles/branup-watcher/data/dashboard.html
[main b82c15a] 2026-06-01 09:20 대시보드 갱신
 1 file changed, 2 insertions(+), 2 deletions(-)
✅ HTML 대시보드 생성 완료: /Users/eekek/.hermes/profiles/branup-watcher/data/dashboard.html
   열기: open /Users/eekek/.hermes/profiles/branup-watcher/data/dashboard.html
[main 763ae79] 2026-06-01 10:20 대시보드 갱신
 1 file changed, 2 insertions(+), 2 deletions(-)
✅ HTML 대시보드 생성 완료: /Users/eekek/.hermes/profiles/branup-watcher/data/dashboard.html
   열기: open /Users/eekek/.hermes/profiles/branup-watcher/data/dashboard.html
[main debeb82] 2026-06-01 11:20 대시보드 갱신
 1 file changed, 24 insertions(+), 18 deletions(-)
✅ HTML 대시보드 생성 완료: /Users/eekek/.hermes/profiles/branup-watcher/data/dashboard.html
   열기: open /Users/eekek/.hermes/profiles/branup-watcher/data/dashboard.html
[main e4c1a4c] 2026-06-01 12:20 대시보드 갱신
 1 file changed, 2 insertions(+), 2 deletions(-)
✅ HTML 대시보드 생성 완료: /Users/eekek/.hermes/profiles/branup-watcher/data/dashboard.html
   열기: open /Users/eekek/.hermes/profiles/branup-watcher/data/dashboard.html
✅ HTML 대시보드 생성 완료: /Users/eekek/.hermes/profiles/branup-watcher/data/dashboard.html
   열기: open /Users/eekek/.hermes/profiles/branup-watcher/data/dashboard.html
[main d4fd01d] 2026-06-01 14:20 대시보드 갱신
 1 file changed, 2 insertions(+), 2 deletions(-)
✅ HTML 대시보드 생성 완료: /Users/eekek/.hermes/profiles/branup-watcher/data/dashboard.html
   열기: open /Users/eekek/.hermes/profiles/branup-watcher/data/dashboard.html
[main 6e342a7] 2026-06-01 15:20 대시보드 갱신
 1 file changed, 2 insertions(+), 2 deletions(-)
✅ HTML 대시보드 생성 완료: /Users/eekek/.hermes/profiles/branup-watcher/data/dashboard.html
   열기: open /Users/eekek/.hermes/profiles/branup-watcher/data/dashboard.html
[main fe64772] 2026-06-01 16:20 대시보드 갱신
 1 file changed, 2 insertions(+), 2 deletions(-)
✅ HTML 대시보드 생성 완료: /Users/eekek/.hermes/profiles/branup-watcher/data/dashboard.html
   열기: open /Users/eekek/.hermes/profiles/branup-watcher/data/dashboard.html
[main e37411c] 2026-06-01 17:20 대시보드 갱신
 1 file changed, 2 insertions(+), 2 deletions(-)
✅ HTML 대시보드 생성 완료: /Users/eekek/.hermes/profiles/branup-watcher/data/dashboard.html
   열기: open /Users/eekek/.hermes/profiles/branup-watcher/data/dashboard.html
[main baf6f38] 2026-06-01 18:21 대시보드 갱신
 1 file changed, 2 insertions(+), 2 deletions(-)
✅ HTML 대시보드 생성 완료: /Users/eekek/.hermes/profiles/branup-watcher/data/dashboard.html
   열기: open /Users/eekek/.hermes/profiles/branup-watcher/data/dashboard.html
[main d2ce259] 2026-06-01 19:21 대시보드 갱신
 1 file changed, 2 insertions(+), 2 deletions(-)
✅ HTML 대시보드 생성 완료: /Users/eekek/.hermes/profiles/branup-watcher/data/dashboard.html
   열기: open /Users/eekek/.hermes/profiles/branup-watcher/data/dashboard.html
[main 15dffb5] 2026-06-01 20:21 대시보드 갱신
 1 file changed, 2 insertions(+), 2 deletions(-)
✅ HTML 대시보드 생성 완료: /Users/eekek/.hermes/profiles/branup-watcher/data/dashboard.html
   열기: open /Users/eekek/.hermes/profiles/branup-watcher/data/dashboard.html
[main 91d3f97] 2026-06-01 21:21 대시보드 갱신
 1 file changed, 2 insertions(+), 2 deletions(-)
✅ HTML 대시보드 생성 완료: /Users/eekek/.hermes/profiles/branup-watcher/data/dashboard.html
   열기: open /Users/eekek/.hermes/profiles/branup-watcher/data/dashboard.html
[main 1fedf84] 2026-06-01 22:21 대시보드 갱신
 1 file changed, 2 insertions(+), 2 deletions(-)
✅ HTML 대시보드 생성 완료: /Users/eekek/.hermes/profiles/branup-watcher/data/dashboard.html
   열기: open /Users/eekek/.hermes/profiles/branup-watcher/data/dashboard.html
[main 8ddd543] 2026-06-01 23:21 대시보드 갱신
 1 file changed, 2 insertions(+), 2 deletions(-)
✅ HTML 대시보드 생성 완료: /Users/eekek/.hermes/profiles/branup-watcher/data/dashboard.html
   열기: open /Users/eekek/.hermes/profiles/branup-watcher/data/dashboard.html
[main 60d4737] 2026-06-02 00:21 대시보드 갱신
 1 file changed, 82 insertions(+), 82 deletions(-)
✅ HTML 대시보드 생성 완료: /Users/eekek/.hermes/profiles/branup-watcher/data/dashboard.html
   열기: open /Users/eekek/.hermes/profiles/branup-watcher/data/dashboard.html
[main 78c2f41] 2026-06-02 01:21 대시보드 갱신
 1 file changed, 2 insertions(+), 2 deletions(-)
✅ HTML 대시보드 생성 완료: /Users/eekek/.hermes/profiles/branup-watcher/data/dashboard.html
   열기: open /Users/eekek/.hermes/profiles/branup-watcher/data/dashboard.html
[main 44073b9] 2026-06-02 02:21 대시보드 갱신
 1 file changed, 2 insertions(+), 2 deletions(-)
✅ HTML 대시보드 생성 완료: /Users/eekek/.hermes/profiles/branup-watcher/data/dashboard.html
   열기: open /Users/eekek/.hermes/profiles/branup-watcher/data/dashboard.html
[main 912d519] 2026-06-02 03:21 대시보드 갱신
 1 file changed, 2 insertions(+), 2 deletions(-)
✅ HTML 대시보드 생성 완료: /Users/eekek/.hermes/profiles/branup-watcher/data/dashboard.html
   열기: open /Users/eekek/.hermes/profiles/branup-watcher/data/dashboard.html
[main e24e600] 2026-06-02 04:21 대시보드 갱신
 1 file changed, 2 insertions(+), 2 deletions(-)
✅ HTML 대시보드 생성 완료: /Users/eekek/.hermes/profiles/branup-watcher/data/dashboard.html
   열기: open /Users/eekek/.hermes/profiles/branup-watcher/data/dashboard.html
[main 1a073a5] 2026-06-02 05:21 대시보드 갱신
 1 file changed, 2 insertions(+), 2 deletions(-)
✅ HTML 대시보드 생성 완료: /Users/eekek/.hermes/profiles/branup-watcher/data/dashboard.html
   열기: open /Users/eekek/.hermes/profiles/branup-watcher/data/dashboard.html
[main 4b64039] 2026-06-02 06:21 대시보드 갱신
 1 file changed, 2 insertions(+), 2 deletions(-)
✅ HTML 대시보드 생성 완료: /Users/eekek/.hermes/profiles/branup-watcher/data/dashboard.html
   열기: open /Users/eekek/.hermes/profiles/branup-watcher/data/dashboard.html
[main 3077f33] 2026-06-02 07:21 대시보드 갱신
 1 file changed, 2 insertions(+), 2 deletions(-)
✅ HTML 대시보드 생성 완료: /Users/eekek/.hermes/profiles/branup-watcher/data/dashboard.html
   열기: open /Users/eekek/.hermes/profiles/branup-watcher/data/dashboard.html
[main 3aaefb1] 2026-06-02 08:21 대시보드 갱신
 1 file changed, 2 insertions(+), 2 deletions(-)
✅ HTML 대시보드 생성 완료: /Users/eekek/.hermes/profiles/branup-watcher/data/dashboard.html
   열기: open /Users/eekek/.hermes/profiles/branup-watcher/data/dashboard.html
[main f85529c] 2026-06-02 09:21 대시보드 갱신
 1 file changed, 2 insertions(+), 2 deletions(-)
✅ HTML 대시보드 생성 완료: /Users/eekek/.hermes/profiles/branup-watcher/data/dashboard.html
   열기: open /Users/eekek/.hermes/profiles/branup-watcher/data/dashboard.html
[main 569773d] 2026-06-02 10:22 대시보드 갱신
 1 file changed, 2 insertions(+), 2 deletions(-)
✅ HTML 대시보드 생성 완료: /Users/eekek/.hermes/profiles/branup-watcher/data/dashboard.html
   열기: open /Users/eekek/.hermes/profiles/branup-watcher/data/dashboard.html
[main cb3c5e3] 2026-06-02 11:22 대시보드 갱신
 1 file changed, 2 insertions(+), 2 deletions(-)
✅ HTML 대시보드 생성 완료: /Users/eekek/.hermes/profiles/branup-watcher/data/dashboard.html
   열기: open /Users/eekek/.hermes/profiles/branup-watcher/data/dashboard.html
[main 459ae60] 2026-06-02 12:22 대시보드 갱신
 1 file changed, 2 insertions(+), 2 deletions(-)
✅ HTML 대시보드 생성 완료: /Users/eekek/.hermes/profiles/branup-watcher/data/dashboard.html
   열기: open /Users/eekek/.hermes/profiles/branup-watcher/data/dashboard.html
[main f50e6c0] 2026-06-02 13:22 대시보드 갱신
 1 file changed, 3 insertions(+), 3 deletions(-)
✅ HTML 대시보드 생성 완료: /Users/eekek/.hermes/profiles/branup-watcher/data/dashboard.html
   열기: open /Users/eekek/.hermes/profiles/branup-watcher/data/dashboard.html
[main b9fc6dd] 2026-06-02 14:22 대시보드 갱신
 1 file changed, 2 insertions(+), 2 deletions(-)
✅ HTML 대시보드 생성 완료: /Users/eekek/.hermes/profiles/branup-watcher/data/dashboard.html
   열기: open /Users/eekek/.hermes/profiles/branup-watcher/data/dashboard.html
[main 33973eb] 2026-06-02 15:22 대시보드 갱신
 1 file changed, 2 insertions(+), 2 deletions(-)
✅ HTML 대시보드 생성 완료: /Users/eekek/.hermes/profiles/branup-watcher/data/dashboard.html
   열기: open /Users/eekek/.hermes/profiles/branup-watcher/data/dashboard.html
[main f8dec6a] 2026-06-02 16:22 대시보드 갱신
 1 file changed, 2 insertions(+), 2 deletions(-)
